kotlin version: 2.0.21
error message: org.jetbrains.kotlin.util.FileAnalysisException: While analysing /Users/dawitsahle/AndroidStudioProjects/Akahidegn/app/src/main/java/com/dawitf/akahidegn/core/error/AppError.kt:16:9: java.lang.ClassCastException: class org.jetbrains.kotlin.fir.declarations.impl.FirDeclarationStatusImpl cannot be cast to class org.jetbrains.kotlin.fir.declarations.FirResolvedDeclarationStatus (org.jetbrains.kotlin.fir.declarations.impl.FirDeclarationStatusImpl and org.jetbrains.kotlin.fir.declarations.FirResolvedDeclarationStatus are in unnamed module of loader java.net.URLClassLoader @52916efd)
	at org.jetbrains.kotlin.util.AnalysisExceptionsKt.wrapIntoFileAnalysisExceptionIfNeeded(AnalysisExceptions.kt:57)
	at org.jetbrains.kotlin.fir.FirCliExceptionHandler.handleExceptionOnFileAnalysis(Utils.kt:249)
	at org.jetbrains.kotlin.fir.resolve.transformers.AbstractFirStatusResolveTransformer.transformFile(FirStatusResolveTransformer.kt:542)
	at org.jetbrains.kotlin.fir.resolve.transformers.AbstractFirStatusResolveTransformer.transformFile(FirStatusResolveTransformer.kt:187)
	at org.jetbrains.kotlin.fir.declarations.FirFile.transform(FirFile.kt:46)
	at org.jetbrains.kotlin.fir.resolve.transformers.FirTransformerBasedResolveProcessor.processFile(FirResolveProcessor.kt:48)
	at org.jetbrains.kotlin.fir.resolve.transformers.FirTotalResolveProcessor.process(FirTotalResolveProcessor.kt:36)
	at org.jetbrains.kotlin.fir.pipeline.AnalyseKt.runResolution(analyse.kt:20)
	at org.jetbrains.kotlin.fir.pipeline.FirUtilsKt.resolveAndCheckFir(firUtils.kt:76)
	at org.jetbrains.kotlin.fir.pipeline.FirUtilsKt.buildResolveAndCheckFirViaLightTree(firUtils.kt:88)
	at org.jetbrains.kotlin.cli.jvm.compiler.pipeline.JvmCompilerPipelineKt.compileModuleToAnalyzedFir(jvmCompilerPipeline.kt:319)
	at org.jetbrains.kotlin.cli.jvm.compiler.pipeline.JvmCompilerPipelineKt.compileModulesUsingFrontendIrAndLightTree(jvmCompilerPipeline.kt:118)
	at org.jetbrains.kotlin.cli.jvm.K2JVMCompiler.doExecute(K2JVMCompiler.kt:148)
	at org.jetbrains.kotlin.cli.jvm.K2JVMCompiler.doExecute(K2JVMCompiler.kt:43)
	at org.jetbrains.kotlin.cli.common.CLICompiler.execImpl(CLICompiler.kt:103)
	at org.jetbrains.kotlin.cli.common.CLICompiler.execImpl(CLICompiler.kt:49)
	at org.jetbrains.kotlin.cli.common.CLITool.exec(CLITool.kt:101)
	at org.jetbrains.kotlin.cli.common.CLITool.exec(CLITool.kt:79)
	at org.jetbrains.kotlin.cli.common.CLICompiler.execAndOutputXml(CLICompiler.kt:65)
	at java.base/jdk.internal.reflect.NativeMethodAccessorImpl.invoke0(Native Method)
	at java.base/jdk.internal.reflect.NativeMethodAccessorImpl.invoke(NativeMethodAccessorImpl.java:77)
	at java.base/jdk.internal.reflect.DelegatingMethodAccessorImpl.invoke(DelegatingMethodAccessorImpl.java:43)
	at java.base/java.lang.reflect.Method.invoke(Method.java:569)
	at org.jetbrains.kotlin.compilerRunner.GradleKotlinCompilerWork.compileInProcessImpl(GradleKotlinCompilerWork.kt:391)
	at org.jetbrains.kotlin.compilerRunner.GradleKotlinCompilerWork.access$compileInProcessImpl(GradleKotlinCompilerWork.kt:85)
	at org.jetbrains.kotlin.compilerRunner.GradleKotlinCompilerWork$compileInProcess$future$1.call(GradleKotlinCompilerWork.kt:364)
	at org.jetbrains.kotlin.compilerRunner.GradleKotlinCompilerWork$compileInProcess$future$1.call(GradleKotlinCompilerWork.kt:363)
	at java.base/java.util.concurrent.FutureTask.run(FutureTask.java:264)
	at java.base/java.util.concurrent.ThreadPoolExecutor.runWorker(ThreadPoolExecutor.java:1136)
	at java.base/java.util.concurrent.ThreadPoolExecutor$Worker.run(ThreadPoolExecutor.java:635)
	at java.base/java.lang.Thread.run(Thread.java:840)
Caused by: java.lang.ClassCastException: class org.jetbrains.kotlin.fir.declarations.impl.FirDeclarationStatusImpl cannot be cast to class org.jetbrains.kotlin.fir.declarations.FirResolvedDeclarationStatus (org.jetbrains.kotlin.fir.declarations.impl.FirDeclarationStatusImpl and org.jetbrains.kotlin.fir.declarations.FirResolvedDeclarationStatus are in unnamed module of loader java.net.URLClassLoader @52916efd)
	at org.jetbrains.kotlin.fir.resolve.transformers.AbstractFirStatusResolveTransformer.transformProperty(FirStatusResolveTransformer.kt:472)
	at org.jetbrains.kotlin.fir.resolve.transformers.AbstractFirStatusResolveTransformer.transformProperty(FirStatusResolveTransformer.kt:467)
	at org.jetbrains.kotlin.fir.resolve.transformers.AbstractFirStatusResolveTransformer.transformProperty(FirStatusResolveTransformer.kt:187)
	at org.jetbrains.kotlin.fir.declarations.FirProperty.transform(FirProperty.kt:62)
	at org.jetbrains.kotlin.fir.visitors.FirTransformerUtilKt.transformSingle(FirTransformerUtil.kt:13)
	at org.jetbrains.kotlin.fir.resolve.transformers.AbstractFirStatusResolveTransformer.transformDeclarationContent(FirStatusResolveTransformer.kt:295)
	at org.jetbrains.kotlin.fir.resolve.transformers.AbstractFirStatusResolveTransformer.transformClass(FirStatusResolveTransformer.kt:315)
	at org.jetbrains.kotlin.fir.resolve.transformers.FirStatusResolveTransformer.transformClassContent(FirStatusResolveTransformer.kt:101)
	at org.jetbrains.kotlin.fir.resolve.transformers.AbstractFirStatusResolveTransformer.transformRegularClass(FirStatusResolveTransformer.kt:263)
	at org.jetbrains.kotlin.fir.resolve.transformers.AbstractFirStatusResolveTransformer.transformRegularClass(FirStatusResolveTransformer.kt:187)
	at org.jetbrains.kotlin.fir.declarations.FirRegularClass.transform(FirRegularClass.kt:52)
	at org.jetbrains.kotlin.fir.visitors.FirTransformerUtilKt.transformSingle(FirTransformerUtil.kt:13)
	at org.jetbrains.kotlin.fir.resolve.transformers.AbstractFirStatusResolveTransformer.transformDeclarationContent(FirStatusResolveTransformer.kt:302)
	at org.jetbrains.kotlin.fir.resolve.transformers.AbstractFirStatusResolveTransformer.transformClass(FirStatusResolveTransformer.kt:315)
	at org.jetbrains.kotlin.fir.resolve.transformers.FirStatusResolveTransformer.transformClassContent(FirStatusResolveTransformer.kt:101)
	at org.jetbrains.kotlin.fir.resolve.transformers.AbstractFirStatusResolveTransformer.transformRegularClass(FirStatusResolveTransformer.kt:263)
	at org.jetbrains.kotlin.fir.resolve.transformers.AbstractFirStatusResolveTransformer.transformRegularClass(FirStatusResolveTransformer.kt:187)
	at org.jetbrains.kotlin.fir.declarations.FirRegularClass.transform(FirRegularClass.kt:52)
	at org.jetbrains.kotlin.fir.visitors.FirTransformerUtilKt.transformSingle(FirTransformerUtil.kt:13)
	at org.jetbrains.kotlin.fir.resolve.transformers.AbstractFirStatusResolveTransformer.transformDeclarationContent(FirStatusResolveTransformer.kt:302)
	at org.jetbrains.kotlin.fir.resolve.transformers.AbstractFirStatusResolveTransformer.transformClass(FirStatusResolveTransformer.kt:315)
	at org.jetbrains.kotlin.fir.resolve.transformers.FirStatusResolveTransformer.transformClassContent(FirStatusResolveTransformer.kt:101)
	at org.jetbrains.kotlin.fir.resolve.transformers.AbstractFirStatusResolveTransformer.transformRegularClass(FirStatusResolveTransformer.kt:263)
	at org.jetbrains.kotlin.fir.resolve.transformers.AbstractFirStatusResolveTransformer.transformRegularClass(FirStatusResolveTransformer.kt:187)
	at org.jetbrains.kotlin.fir.declarations.FirRegularClass.transform(FirRegularClass.kt:52)
	at org.jetbrains.kotlin.fir.visitors.FirTransformerUtilKt.transformSingle(FirTransformerUtil.kt:13)
	at org.jetbrains.kotlin.fir.resolve.transformers.AbstractFirStatusResolveTransformer.transformDeclarationContent(FirStatusResolveTransformer.kt:302)
	at org.jetbrains.kotlin.fir.resolve.transformers.AbstractFirStatusResolveTransformer.transformFile(FirStatusResolveTransformer.kt:208)
	... 28 more


